#
# There is insufficient memory for the Java Runtime Environment to continue.
# Native memory allocation (malloc) failed to allocate 2109728 bytes. Error detail: Chunk::new
# Possible reasons:
#   The system is out of physical RAM or swap space
#   This process is running with CompressedOops enabled, and the Java Heap may be blocking the growth of the native heap
# Possible solutions:
#   Reduce memory load on the system
#   Increase physical memory or swap space
#   Check if swap backing store is full
#   Decrease Java heap size (-Xmx/-Xms)
#   Decrease number of Java threads
#   Decrease Java thread stack sizes (-Xss)
#   Set larger code cache with -XX:ReservedCodeCacheSize=
#   JVM is running with Unscaled Compressed Oops mode in which the Java heap is
#     placed in the first 4GB address space. The Java Heap base address is the
#     maximum limit for the native heap growth. Please use -XX:HeapBaseMinAddress
#     to set the Java Heap base and to place the Java Heap above 4GB virtual address.
# This output file may be truncated or incomplete.
#
#  Out of Memory Error (arena.cpp:168), pid=17952, tid=3672
#
# JRE version: OpenJDK Runtime Environment Temurin-21.0.10+7 (21.0.10+7) (build 21.0.10+7-LTS)
# Java VM: OpenJDK 64-Bit Server VM Temurin-21.0.10+7 (21.0.10+7-LTS, mixed mode, sharing, tiered, compressed oops, compressed class ptrs, parallel gc, windows-amd64)
# No core dump will be written. Minidumps are not enabled by default on client versions of Windows
#

---------------  S U M M A R Y ------------

Command Line: --add-modules=ALL-SYSTEM --add-opens=java.base/java.util=ALL-UNNAMED --add-opens=java.base/java.lang=ALL-UNNAMED --add-opens=java.base/sun.nio.fs=ALL-UNNAMED -Declipse.application=org.eclipse.jdt.ls.core.id1 -Dosgi.bundles.defaultStartLevel=4 -Declipse.product=org.eclipse.jdt.ls.core.product -Djava.import.generatesMetadataFilesAtProjectRoot=false -DDetectVMInstallationsJob.disabled=true -Dfile.encoding=utf8 -XX:+UseParallelGC -XX:GCTimeRatio=4 -XX:AdaptiveSizePolicyWeight=90 -Dsun.zip.disableMemoryMapping=true -Xmx2G -Xms100m -Xlog:disable -javaagent:c:\Users\juand\.vscode\extensions\redhat.java-1.54.0-win32-x64\lombok\lombok-1.18.39-4050.jar -XX:+HeapDumpOnOutOfMemoryError -XX:HeapDumpPath=c:\Users\juand\AppData\Roaming\Code\User\workspaceStorage\5c07a624bbe36f1c37f128b9eb918466\redhat.java -Daether.dependencyCollector.impl=bf c:\Users\juand\.vscode\extensions\redhat.java-1.54.0-win32-x64\server\plugins\org.eclipse.equinox.launcher_1.7.100.v20251111-0406.jar -configuration c:\Users\juand\AppData\Roaming\Code\User\globalStorage\redhat.java\1.54.0\config_win -data c:\Users\juand\AppData\Roaming\Code\User\workspaceStorage\5c07a624bbe36f1c37f128b9eb918466\redhat.java\jdt_ws --pipe=\\.\pipe\lsp-d76c02980a50cfc956124008039c3874-sock

Host: Intel(R) Core(TM) i3-8130U CPU @ 2.20GHz, 4 cores, 3G,  Windows 11 , 64 bit Build 26100 (10.0.26100.7920)
Time: Tue Apr 28 09:32:40 2026 Hora est. Pacífico, Sudamérica elapsed time: 3025.296865 seconds (0d 0h 50m 25s)

---------------  T H R E A D  ---------------

Current thread (0x000002a1352a7e20):  JavaThread "C2 CompilerThread0" daemon [_thread_in_native, id=3672, stack(0x000000bdb5c00000,0x000000bdb5d00000) (1024K)]


Current CompileTask:
C2:3025297 21797       4       org.eclipse.jdt.internal.compiler.classfmt.ModuleInfo::readModuleAttribute (1166 bytes)

Stack: [0x000000bdb5c00000,0x000000bdb5d00000]
Native frames: (J=compiled Java code, j=interpreted, Vv=VM code, C=native code)
V  [jvm.dll+0x6d7a39]
V  [jvm.dll+0x8b4b26]
V  [jvm.dll+0x8b70de]
V  [jvm.dll+0x8b77c3]
V  [jvm.dll+0x284346]
V  [jvm.dll+0xc66ed]
V  [jvm.dll+0xc6c31]
V  [jvm.dll+0x3bec3b]
V  [jvm.dll+0x38b162]
V  [jvm.dll+0x38a5aa]
V  [jvm.dll+0x24c560]
V  [jvm.dll+0x24bb40]
V  [jvm.dll+0x1cb34e]
V  [jvm.dll+0x25b85d]
V  [jvm.dll+0x259dea]
V  [jvm.dll+0x3f857e]
V  [jvm.dll+0x85f59d]
V  [jvm.dll+0x6d626d]
C  [ucrtbase.dll+0x37b0]
C  [KERNEL32.DLL+0x2e8d7]
C  [ntdll.dll+0x8c48c]


---------------  P R O C E S S  ---------------

Threads class SMR info:
_java_thread_list=0x000002a17d93a880, length=47, elements={
0x000002a11c6c8c00, 0x000002a11cd4a8a0, 0x000002a11cd4e220, 0x000002a1352a2e60,
0x000002a1352a3ac0, 0x000002a1352a6630, 0x000002a1352a7090, 0x000002a1352a7e20,
0x000002a1353265c0, 0x000002a1772aaa30, 0x000002a1772f49a0, 0x000002a177aeabc0,
0x000002a17793ec60, 0x000002a17793f2d0, 0x000002a17c0a23a0, 0x000002a17c0a30c0,
0x000002a17c0a1d10, 0x000002a17c0a4470, 0x000002a17c0a3750, 0x000002a17c0a0ff0,
0x000002a17d050b10, 0x000002a17d050480, 0x000002a17d054620, 0x000002a17d0511a0,
0x000002a17d053270, 0x000002a17d051830, 0x000002a17d054cb0, 0x000002a17d053900,
0x000002a17d051ec0, 0x000002a17d0559d0, 0x000002a17ed424f0, 0x000002a17ed43f30,
0x000002a17ed40ab0, 0x000002a17ed41140, 0x000002a17ed45970, 0x000002a17ed47a40,
0x000002a17ed445c0, 0x000002a17ed473b0, 0x000002a17ed480d0, 0x000002a17ed44c50,
0x000002a17ed452e0, 0x000002a1771cc8d0, 0x000002a1771cc240, 0x000002a1771cd5f0,
0x000002a17d053f90, 0x000002a17d052be0, 0x000002a17d056d80
}

Java Threads: ( => current thread )
  0x000002a11c6c8c00 JavaThread "main"                              [_thread_blocked, id=18584, stack(0x000000bdb5200000,0x000000bdb5300000) (1024K)]
  0x000002a11cd4a8a0 JavaThread "Reference Handler"          daemon [_thread_blocked, id=19560, stack(0x000000bdb5600000,0x000000bdb5700000) (1024K)]
  0x000002a11cd4e220 JavaThread "Finalizer"                  daemon [_thread_blocked, id=17244, stack(0x000000bdb5700000,0x000000bdb5800000) (1024K)]
  0x000002a1352a2e60 JavaThread "Signal Dispatcher"          daemon [_thread_blocked, id=5244, stack(0x000000bdb5800000,0x000000bdb5900000) (1024K)]
  0x000002a1352a3ac0 JavaThread "Attach Listener"            daemon [_thread_blocked, id=5464, stack(0x000000bdb5900000,0x000000bdb5a00000) (1024K)]
  0x000002a1352a6630 JavaThread "Service Thread"             daemon [_thread_blocked, id=8684, stack(0x000000bdb5a00000,0x000000bdb5b00000) (1024K)]
  0x000002a1352a7090 JavaThread "Monitor Deflation Thread"   daemon [_thread_blocked, id=11856, stack(0x000000bdb5b00000,0x000000bdb5c00000) (1024K)]
=>0x000002a1352a7e20 JavaThread "C2 CompilerThread0"         daemon [_thread_in_native, id=3672, stack(0x000000bdb5c00000,0x000000bdb5d00000) (1024K)]
  0x000002a1353265c0 JavaThread "C1 CompilerThread0"         daemon [_thread_blocked, id=13388, stack(0x000000bdb5d00000,0x000000bdb5e00000) (1024K)]
  0x000002a1772aaa30 JavaThread "Common-Cleaner"             daemon [_thread_blocked, id=3804, stack(0x000000bdb5e00000,0x000000bdb5f00000) (1024K)]
  0x000002a1772f49a0 JavaThread "Notification Thread"        daemon [_thread_blocked, id=1808, stack(0x000000bdb5f00000,0x000000bdb6000000) (1024K)]
  0x000002a177aeabc0 JavaThread "Active Thread: Equinox Container: 848b9fcb-1885-45ec-bc8a-36f62ee02f5f"        [_thread_blocked, id=10800, stack(0x000000bdb6700000,0x000000bdb6800000) (1024K)]
  0x000002a17793ec60 JavaThread "Framework Event Dispatcher: Equinox Container: 848b9fcb-1885-45ec-bc8a-36f62ee02f5f" daemon [_thread_blocked, id=15260, stack(0x000000bdb6800000,0x000000bdb6900000) (1024K)]
  0x000002a17793f2d0 JavaThread "Start Level: Equinox Container: 848b9fcb-1885-45ec-bc8a-36f62ee02f5f" daemon [_thread_blocked, id=19720, stack(0x000000bdb6900000,0x000000bdb6a00000) (1024K)]
  0x000002a17c0a23a0 JavaThread "Bundle File Closer"         daemon [_thread_blocked, id=17976, stack(0x000000bdb6a00000,0x000000bdb6b00000) (1024K)]
  0x000002a17c0a30c0 JavaThread "Refresh Thread: Equinox Container: 848b9fcb-1885-45ec-bc8a-36f62ee02f5f" daemon [_thread_blocked, id=7100, stack(0x000000bdb6b00000,0x000000bdb6c00000) (1024K)]
  0x000002a17c0a1d10 JavaThread "SCR Component Actor"        daemon [_thread_blocked, id=10380, stack(0x000000bdb6c00000,0x000000bdb6d00000) (1024K)]
  0x000002a17c0a4470 JavaThread "Worker-JM"                         [_thread_blocked, id=10124, stack(0x000000bdb6d00000,0x000000bdb6e00000) (1024K)]
  0x000002a17c0a3750 JavaThread "Worker-3"                          [_thread_blocked, id=8604, stack(0x000000bdb6600000,0x000000bdb6700000) (1024K)]
  0x000002a17c0a0ff0 JavaThread "Java indexing"              daemon [_thread_blocked, id=16532, stack(0x000000bdb6e00000,0x000000bdb6f00000) (1024K)]
  0x000002a17d050b10 JavaThread "JNA Cleaner"                daemon [_thread_blocked, id=10116, stack(0x000000bdb6f00000,0x000000bdb7000000) (1024K)]
  0x000002a17d050480 JavaThread "Worker-4"                          [_thread_blocked, id=6052, stack(0x000000bdb7200000,0x000000bdb7300000) (1024K)]
  0x000002a17d054620 JavaThread "Thread-1"                   daemon [_thread_in_native, id=14228, stack(0x000000bdb7400000,0x000000bdb7500000) (1024K)]
  0x000002a17d0511a0 JavaThread "Thread-2"                   daemon [_thread_in_native, id=12116, stack(0x000000bdb7500000,0x000000bdb7600000) (1024K)]
  0x000002a17d053270 JavaThread "Thread-3"                   daemon [_thread_in_native, id=11048, stack(0x000000bdb7600000,0x000000bdb7700000) (1024K)]
  0x000002a17d051830 JavaThread "Thread-4"                   daemon [_thread_in_native, id=19120, stack(0x000000bdb7700000,0x000000bdb7800000) (1024K)]
  0x000002a17d054cb0 JavaThread "Thread-5"                   daemon [_thread_in_native, id=2992, stack(0x000000bdb7800000,0x000000bdb7900000) (1024K)]
  0x000002a17d053900 JavaThread "pool-2-thread-1"                   [_thread_blocked, id=18916, stack(0x000000bdb7900000,0x000000bdb7a00000) (1024K)]
  0x000002a17d051ec0 JavaThread "WorkspaceEventsHandler"            [_thread_blocked, id=7584, stack(0x000000bdb7a00000,0x000000bdb7b00000) (1024K)]
  0x000002a17d0559d0 JavaThread "pool-1-thread-1"                   [_thread_blocked, id=9428, stack(0x000000bdb7b00000,0x000000bdb7c00000) (1024K)]
  0x000002a17ed424f0 JavaThread "Worker-6"                          [_thread_blocked, id=12000, stack(0x000000bdb5000000,0x000000bdb5100000) (1024K)]
  0x000002a17ed43f30 JavaThread "LocalFile Deleter"          daemon [_thread_blocked, id=7920, stack(0x000000bdb5100000,0x000000bdb5200000) (1024K)]
  0x000002a17ed40ab0 JavaThread "Compiler Source File Reader" daemon [_thread_blocked, id=11776, stack(0x000000bdb6300000,0x000000bdb6400000) (1024K)]
  0x000002a17ed41140 JavaThread "Compiler Source File Reader" daemon [_thread_blocked, id=8680, stack(0x000000bdb6400000,0x000000bdb6500000) (1024K)]
  0x000002a17ed45970 JavaThread "Compiler Processing Task"   daemon [_thread_blocked, id=19880, stack(0x000000bdb6500000,0x000000bdb6600000) (1024K)]
  0x000002a17ed47a40 JavaThread "Worker-7"                          [_thread_blocked, id=9764, stack(0x000000bdb7000000,0x000000bdb7100000) (1024K)]
  0x000002a17ed445c0 JavaThread "LocalFile Deleter"          daemon [_thread_blocked, id=13228, stack(0x000000bdb7300000,0x000000bdb7400000) (1024K)]
  0x000002a17ed473b0 JavaThread "LocalFile Deleter"          daemon [_thread_blocked, id=7916, stack(0x000000bdb7c00000,0x000000bdb7d00000) (1024K)]
  0x000002a17ed480d0 JavaThread "LocalFile Deleter"          daemon [_thread_blocked, id=9284, stack(0x000000bdb7d00000,0x000000bdb7e00000) (1024K)]
  0x000002a17ed44c50 JavaThread "Compiler Class File Writer" daemon [_thread_blocked, id=18716, stack(0x000000bdb7e00000,0x000000bdb7f00000) (1024K)]
  0x000002a17ed452e0 JavaThread "Compiler Class File Writer" daemon [_thread_blocked, id=14992, stack(0x000000bdb7f00000,0x000000bdb8000000) (1024K)]
  0x000002a1771cc8d0 JavaThread "Worker-8"                          [_thread_blocked, id=16144, stack(0x000000bdb8100000,0x000000bdb8200000) (1024K)]
  0x000002a1771cc240 JavaThread "Worker-9: Compacting resource model"        [_thread_blocked, id=17516, stack(0x000000bdb8200000,0x000000bdb8300000) (1024K)]
  0x000002a1771cd5f0 JavaThread "Worker-10"                         [_thread_blocked, id=3904, stack(0x000000bdb8300000,0x000000bdb8400000) (1024K)]
  0x000002a17d053f90 JavaThread "ForkJoinPool.commonPool-worker-7" daemon [_thread_in_native, id=15288, stack(0x000000bdb7100000,0x000000bdb7200000) (1024K)]
  0x000002a17d052be0 JavaThread "ForkJoinPool.commonPool-worker-8" daemon [_thread_in_native, id=16088, stack(0x000000bdb8400000,0x000000bdb8500000) (1024K)]
  0x000002a17d056d80 JavaThread "ForkJoinPool.commonPool-worker-9" daemon [_thread_blocked, id=10028, stack(0x000000bdb8500000,0x000000bdb8600000) (1024K)]
Total: 47

Other Threads:
  0x000002a11cd2fbd0 VMThread "VM Thread"                           [id=15008, stack(0x000000bdb5500000,0x000000bdb5600000) (1024K)]
  0x000002a13523ca00 WatcherThread "VM Periodic Task Thread"        [id=11076, stack(0x000000bdb5400000,0x000000bdb5500000) (1024K)]
  0x000002a11ccabf80 WorkerThread "GC Thread#0"                     [id=3712, stack(0x000000bdb5300000,0x000000bdb5400000) (1024K)]
  0x000002a177b5cbb0 WorkerThread "GC Thread#1"                     [id=15992, stack(0x000000bdb6000000,0x000000bdb6100000) (1024K)]
  0x000002a17769ffd0 WorkerThread "GC Thread#2"                     [id=10928, stack(0x000000bdb6100000,0x000000bdb6200000) (1024K)]
  0x000002a177557470 WorkerThread "GC Thread#3"                     [id=16380, stack(0x000000bdb6200000,0x000000bdb6300000) (1024K)]
Total: 6

Threads with active compile tasks:
C2 CompilerThread0  3025396 21797       4       org.eclipse.jdt.internal.compiler.classfmt.ModuleInfo::readModuleAttribute (1166 bytes)
Total: 1

VM state: not at safepoint (normal execution)

VM Mutex/Monitor currently owned by a thread: None

Heap address: 0x0000000080000000, size: 2048 MB, Compressed Oops mode: 32-bit

CDS archive(s) mapped at: [0x000002a136000000-0x000002a136ba0000-0x000002a136ba0000), size 12189696, SharedBaseAddress: 0x000002a136000000, ArchiveRelocationMode: 1.
Compressed class space mapped at: 0x000002a137000000-0x000002a177000000, reserved size: 1073741824
Narrow klass base: 0x000002a136000000, Narrow klass shift: 0, Narrow klass range: 0x100000000

GC Precious Log:
 CardTable entry size: 512
 CPUs: 4 total, 4 available
 Memory: 3979M
 Large Page Support: Disabled
 NUMA Support: Disabled
 Compressed Oops: Enabled (32-bit)
 Alignments: Space 512K, Generation 512K, Heap 2M
 Heap Min Capacity: 100M
 Heap Initial Capacity: 100M
 Heap Max Capacity: 2G
 Pre-touch: Disabled
 Parallel Workers: 4

Heap:
 PSYoungGen      total 52224K, used 8065K [0x00000000d5580000, 0x00000000d9100000, 0x0000000100000000)
  eden space 45056K, 2% used [0x00000000d5580000,0x00000000d56b50f0,0x00000000d8180000)
  from space 7168K, 95% used [0x00000000d8a00000,0x00000000d90ab4b8,0x00000000d9100000)
  to   space 7168K, 0% used [0x00000000d8300000,0x00000000d8300000,0x00000000d8a00000)
 ParOldGen       total 1077760K, used 594507K [0x0000000080000000, 0x00000000c1c80000, 0x00000000d5580000)
  object space 1077760K, 55% used [0x0000000080000000,0x00000000a4492e58,0x00000000c1c80000)
 Metaspace       used 83533K, committed 85376K, reserved 1179648K
  class space    used 8431K, committed 9216K, reserved 1048576K

Card table byte_map: [0x000002a1306a0000,0x000002a130ab0000] _byte_map_base: 0x000002a1302a0000

Marking Bits: (ParMarkBitMap*) 0x00007ffc5fe73450
 Begin Bits: [0x000002a130d60000, 0x000002a132d60000)
 End Bits:   [0x000002a132d60000, 0x000002a134d60000)

Polling page: 0x000002a11ca30000

Metaspace:

Usage:
  Non-class:     73.34 MB used.
      Class:      8.23 MB used.
       Both:     81.58 MB used.

Virtual space:
  Non-class space:      128.00 MB reserved,      74.38 MB ( 58%) committed,  2 nodes.
      Class space:        1.00 GB reserved,       9.00 MB ( <1%) committed,  1 nodes.
             Both:        1.12 GB reserved,      83.38 MB (  7%) committed. 

Chunk freelists:
   Non-Class:  5.68 MB
       Class:  7.02 MB
        Both:  12.70 MB

MaxMetaspaceSize: unlimited
CompressedClassSpaceSize: 1.00 GB
Initial GC threshold: 21.00 MB
Current GC threshold: 129.06 MB
CDS: on
 - commit_granule_bytes: 65536.
 - commit_granule_words: 8192.
 - virtual_space_node_default_size: 8388608.
 - enlarge_chunks_in_place: 1.
 - use_allocation_guard: 0.


Internal statistics:

num_allocs_failed_limit: 9.
num_arena_births: 1462.
num_arena_deaths: 36.
num_vsnodes_births: 3.
num_vsnodes_deaths: 0.
num_space_committed: 1334.
num_space_uncommitted: 0.
num_chunks_returned_to_freelist: 52.
num_chunks_taken_from_freelist: 5267.
num_chunk_merges: 15.
num_chunk_splits: 3226.
num_chunks_enlarged: 1893.
num_inconsistent_stats: 0.

CodeHeap 'non-profiled nmethods': size=120000Kb used=19350Kb max_used=19350Kb free=100649Kb
 bounds [0x000002a128f90000, 0x000002a12a280000, 0x000002a1304c0000]
CodeHeap 'profiled nmethods': size=120000Kb used=50259Kb max_used=50259Kb free=69740Kb
 bounds [0x000002a1214c0000, 0x000002a1245e0000, 0x000002a1289f0000]
CodeHeap 'non-nmethods': size=5760Kb used=1489Kb max_used=1597Kb free=4270Kb
 bounds [0x000002a1289f0000, 0x000002a128c60000, 0x000002a128f90000]
CodeCache: size=245760Kb, used=71098Kb, max_used=71206Kb, free=174659Kb
 total_blobs=20690, nmethods=19880, adapters=713, full_count=0
Compilation: enabled, stopped_count=0, restarted_count=0

Compilation events (20 events):
Event: 3024.089 Thread 0x000002a1353265c0 21851       3       lombok.eclipse.handlers.SetGeneratedByVisitor::visit (22 bytes)
Event: 3024.090 Thread 0x000002a1353265c0 nmethod 21851 0x000002a1245c8810 code [0x000002a1245c89e0, 0x000002a1245c8ce8]
Event: 3024.090 Thread 0x000002a1353265c0 21849       3       java.lang.invoke.LambdaForm$MH/0x000002a137890400::invoke (79 bytes)
Event: 3024.091 Thread 0x000002a1353265c0 nmethod 21849 0x000002a1245c8f10 code [0x000002a1245c9240, 0x000002a1245caa00]
Event: 3024.114 Thread 0x000002a1353265c0 21853       3       lombok.eclipse.handlers.EclipseHandlerUtil::annotationTypeMatches (28 bytes)
Event: 3024.115 Thread 0x000002a1353265c0 nmethod 21853 0x000002a1245cb010 code [0x000002a1245cb1e0, 0x000002a1245cb5a0]
Event: 3024.138 Thread 0x000002a1353265c0 21854       3       org.eclipse.jdt.internal.compiler.ast.ConstructorDeclaration::isCanonicalConstructor (15 bytes)
Event: 3024.139 Thread 0x000002a1353265c0 nmethod 21854 0x000002a1245cb710 code [0x000002a1245cb8c0, 0x000002a1245cba38]
Event: 3024.180 Thread 0x000002a1353265c0 21856       3       lombok.eclipse.agent.PatchVal::couldBe (306 bytes)
Event: 3024.182 Thread 0x000002a1353265c0 nmethod 21856 0x000002a1245cbb10 code [0x000002a1245cbe40, 0x000002a1245cd3a0]
Event: 3024.186 Thread 0x000002a1353265c0 21858       2       org.eclipse.jdt.internal.compiler.lookup.Scope::getMatchingUninitializedType (215 bytes)
Event: 3024.187 Thread 0x000002a1353265c0 nmethod 21858 0x000002a1245cdc10 code [0x000002a1245cde80, 0x000002a1245ce7f8]
Event: 3024.187 Thread 0x000002a1353265c0 21859       1       org.eclipse.jdt.internal.compiler.ast.AllocationExpression::setExpressionContext (6 bytes)
Event: 3024.188 Thread 0x000002a1353265c0 nmethod 21859 0x000002a12a275790 code [0x000002a12a275920, 0x000002a12a275a00]
Event: 3024.243 Thread 0x000002a1353265c0 21860       3       com.google.gson.internal.bind.ObjectTypeAdapter$1::create (25 bytes)
Event: 3024.243 Thread 0x000002a1353265c0 nmethod 21860 0x000002a1245ced90 code [0x000002a1245cef60, 0x000002a1245cf310]
Event: 3024.252 Thread 0x000002a1353265c0 21861       3       com.google.gson.stream.JsonReader::setStrictness (11 bytes)
Event: 3024.252 Thread 0x000002a1353265c0 nmethod 21861 0x000002a1245cf490 code [0x000002a1245cf640, 0x000002a1245cf8c8]
Event: 3024.326 Thread 0x000002a1353265c0 21862       3       org.eclipse.m2e.core.internal.embedder.MavenProperties::computeMultiModuleProjectDirectory (93 bytes)
Event: 3025.289 Thread 0x000002a1353265c0 nmethod 21862 0x000002a1245cfa10 code [0x000002a1245cfd40, 0x000002a1245d0da0]

GC Heap History (20 events):
Event: 3013.581 GC heap before
{Heap before GC invocations=2414 (full 4):
 PSYoungGen      total 41472K, used 41456K [0x00000000d5580000, 0x00000000d9180000, 0x0000000100000000)
  eden space 38400K, 100% used [0x00000000d5580000,0x00000000d7b00000,0x00000000d7b00000)
  from space 3072K, 99% used [0x00000000d7b00000,0x00000000d7dfc008,0x00000000d7e00000)
  to   space 7680K, 0% used [0x00000000d8a00000,0x00000000d8a00000,0x00000000d9180000)
 ParOldGen       total 1077760K, used 570404K [0x0000000080000000, 0x00000000c1c80000, 0x00000000d5580000)
  object space 1077760K, 52% used [0x0000000080000000,0x00000000a2d09320,0x00000000c1c80000)
 Metaspace       used 83326K, committed 85056K, reserved 1179648K
  class space    used 8428K, committed 9216K, reserved 1048576K
}
Event: 3013.602 GC heap after
{Heap after GC invocations=2414 (full 4):
 PSYoungGen      total 49152K, used 3048K [0x00000000d5580000, 0x00000000d8d00000, 0x0000000100000000)
  eden space 46080K, 0% used [0x00000000d5580000,0x00000000d5580000,0x00000000d8280000)
  from space 3072K, 99% used [0x00000000d8a00000,0x00000000d8cfa118,0x00000000d8d00000)
  to   space 4608K, 0% used [0x00000000d8400000,0x00000000d8400000,0x00000000d8880000)
 ParOldGen       total 1077760K, used 573318K [0x0000000080000000, 0x00000000c1c80000, 0x00000000d5580000)
  object space 1077760K, 53% used [0x0000000080000000,0x00000000a2fe1b48,0x00000000c1c80000)
 Metaspace       used 83326K, committed 85056K, reserved 1179648K
  class space    used 8428K, committed 9216K, reserved 1048576K
}
Event: 3014.708 GC heap before
{Heap before GC invocations=2415 (full 4):
 PSYoungGen      total 49152K, used 49128K [0x00000000d5580000, 0x00000000d8d00000, 0x0000000100000000)
  eden space 46080K, 100% used [0x00000000d5580000,0x00000000d8280000,0x00000000d8280000)
  from space 3072K, 99% used [0x00000000d8a00000,0x00000000d8cfa118,0x00000000d8d00000)
  to   space 4608K, 0% used [0x00000000d8400000,0x00000000d8400000,0x00000000d8880000)
 ParOldGen       total 1077760K, used 573318K [0x0000000080000000, 0x00000000c1c80000, 0x00000000d5580000)
  object space 1077760K, 53% used [0x0000000080000000,0x00000000a2fe1b48,0x00000000c1c80000)
 Metaspace       used 83335K, committed 85120K, reserved 1179648K
  class space    used 8428K, committed 9216K, reserved 1048576K
}
Event: 3014.733 GC heap after
{Heap after GC invocations=2415 (full 4):
 PSYoungGen      total 47616K, used 2075K [0x00000000d5580000, 0x00000000d8a80000, 0x0000000100000000)
  eden space 45056K, 0% used [0x00000000d5580000,0x00000000d5580000,0x00000000d8180000)
  from space 2560K, 81% used [0x00000000d8400000,0x00000000d8606c08,0x00000000d8680000)
  to   space 3072K, 0% used [0x00000000d8780000,0x00000000d8780000,0x00000000d8a80000)
 ParOldGen       total 1077760K, used 575587K [0x0000000080000000, 0x00000000c1c80000, 0x00000000d5580000)
  object space 1077760K, 53% used [0x0000000080000000,0x00000000a3218da8,0x00000000c1c80000)
 Metaspace       used 83335K, committed 85120K, reserved 1179648K
  class space    used 8428K, committed 9216K, reserved 1048576K
}
Event: 3015.773 GC heap before
{Heap before GC invocations=2416 (full 4):
 PSYoungGen      total 47616K, used 47131K [0x00000000d5580000, 0x00000000d8a80000, 0x0000000100000000)
  eden space 45056K, 100% used [0x00000000d5580000,0x00000000d8180000,0x00000000d8180000)
  from space 2560K, 81% used [0x00000000d8400000,0x00000000d8606c08,0x00000000d8680000)
  to   space 3072K, 0% used [0x00000000d8780000,0x00000000d8780000,0x00000000d8a80000)
 ParOldGen       total 1077760K, used 575587K [0x0000000080000000, 0x00000000c1c80000, 0x00000000d5580000)
  object space 1077760K, 53% used [0x0000000080000000,0x00000000a3218da8,0x00000000c1c80000)
 Metaspace       used 83416K, committed 85184K, reserved 1179648K
  class space    used 8429K, committed 9216K, reserved 1048576K
}
Event: 3015.783 GC heap after
{Heap after GC invocations=2416 (full 4):
 PSYoungGen      total 45568K, used 1376K [0x00000000d5580000, 0x00000000d8900000, 0x0000000100000000)
  eden space 44032K, 0% used [0x00000000d5580000,0x00000000d5580000,0x00000000d8080000)
  from space 1536K, 89% used [0x00000000d8780000,0x00000000d88d8000,0x00000000d8900000)
  to   space 2048K, 0% used [0x00000000d8500000,0x00000000d8500000,0x00000000d8700000)
 ParOldGen       total 1077760K, used 576279K [0x0000000080000000, 0x00000000c1c80000, 0x00000000d5580000)
  object space 1077760K, 53% used [0x0000000080000000,0x00000000a32c5d40,0x00000000c1c80000)
 Metaspace       used 83416K, committed 85184K, reserved 1179648K
  class space    used 8429K, committed 9216K, reserved 1048576K
}
Event: 3016.368 GC heap before
{Heap before GC invocations=2417 (full 4):
 PSYoungGen      total 45568K, used 45408K [0x00000000d5580000, 0x00000000d8900000, 0x0000000100000000)
  eden space 44032K, 100% used [0x00000000d5580000,0x00000000d8080000,0x00000000d8080000)
  from space 1536K, 89% used [0x00000000d8780000,0x00000000d88d8000,0x00000000d8900000)
  to   space 2048K, 0% used [0x00000000d8500000,0x00000000d8500000,0x00000000d8700000)
 ParOldGen       total 1077760K, used 576279K [0x0000000080000000, 0x00000000c1c80000, 0x00000000d5580000)
  object space 1077760K, 53% used [0x0000000080000000,0x00000000a32c5d40,0x00000000c1c80000)
 Metaspace       used 83426K, committed 85184K, reserved 1179648K
  class space    used 8429K, committed 9216K, reserved 1048576K
}
Event: 3016.412 GC heap after
{Heap after GC invocations=2417 (full 4):
 PSYoungGen      total 44544K, used 1344K [0x00000000d5580000, 0x00000000d8800000, 0x0000000100000000)
  eden space 43008K, 0% used [0x00000000d5580000,0x00000000d5580000,0x00000000d7f80000)
  from space 1536K, 87% used [0x00000000d8500000,0x00000000d8650288,0x00000000d8680000)
  to   space 1536K, 0% used [0x00000000d8680000,0x00000000d8680000,0x00000000d8800000)
 ParOldGen       total 1077760K, used 577213K [0x0000000080000000, 0x00000000c1c80000, 0x00000000d5580000)
  object space 1077760K, 53% used [0x0000000080000000,0x00000000a33af4e0,0x00000000c1c80000)
 Metaspace       used 83426K, committed 85184K, reserved 1179648K
  class space    used 8429K, committed 9216K, reserved 1048576K
}
Event: 3016.920 GC heap before
{Heap before GC invocations=2418 (full 4):
 PSYoungGen      total 44544K, used 44352K [0x00000000d5580000, 0x00000000d8800000, 0x0000000100000000)
  eden space 43008K, 100% used [0x00000000d5580000,0x00000000d7f80000,0x00000000d7f80000)
  from space 1536K, 87% used [0x00000000d8500000,0x00000000d8650288,0x00000000d8680000)
  to   space 1536K, 0% used [0x00000000d8680000,0x00000000d8680000,0x00000000d8800000)
 ParOldGen       total 1077760K, used 577213K [0x0000000080000000, 0x00000000c1c80000, 0x00000000d5580000)
  object space 1077760K, 53% used [0x0000000080000000,0x00000000a33af4e0,0x00000000c1c80000)
 Metaspace       used 83439K, committed 85184K, reserved 1179648K
  class space    used 8429K, committed 9216K, reserved 1048576K
}
Event: 3017.018 GC heap after
{Heap after GC invocations=2418 (full 4):
 PSYoungGen      total 43520K, used 1516K [0x00000000d5580000, 0x00000000d8b80000, 0x0000000100000000)
  eden space 41984K, 0% used [0x00000000d5580000,0x00000000d5580000,0x00000000d7e80000)
  from space 1536K, 98% used [0x00000000d8680000,0x00000000d87fb008,0x00000000d8800000)
  to   space 6656K, 0% used [0x00000000d7e80000,0x00000000d7e80000,0x00000000d8500000)
 ParOldGen       total 1077760K, used 581407K [0x0000000080000000, 0x00000000c1c80000, 0x00000000d5580000)
  object space 1077760K, 53% used [0x0000000080000000,0x00000000a37c7db8,0x00000000c1c80000)
 Metaspace       used 83439K, committed 85184K, reserved 1179648K
  class space    used 8429K, committed 9216K, reserved 1048576K
}
Event: 3018.733 GC heap before
{Heap before GC invocations=2419 (full 4):
 PSYoungGen      total 43520K, used 43500K [0x00000000d5580000, 0x00000000d8b80000, 0x0000000100000000)
  eden space 41984K, 100% used [0x00000000d5580000,0x00000000d7e80000,0x00000000d7e80000)
  from space 1536K, 98% used [0x00000000d8680000,0x00000000d87fb008,0x00000000d8800000)
  to   space 6656K, 0% used [0x00000000d7e80000,0x00000000d7e80000,0x00000000d8500000)
 ParOldGen       total 1077760K, used 581407K [0x0000000080000000, 0x00000000c1c80000, 0x00000000d5580000)
  object space 1077760K, 53% used [0x0000000080000000,0x00000000a37c7db8,0x00000000c1c80000)
 Metaspace       used 83442K, committed 85184K, reserved 1179648K
  class space    used 8429K, committed 9216K, reserved 1048576K
}
Event: 3018.822 GC heap after
{Heap after GC invocations=2419 (full 4):
 PSYoungGen      total 44032K, used 2582K [0x00000000d5580000, 0x00000000d8700000, 0x0000000100000000)
  eden space 40960K, 0% used [0x00000000d5580000,0x00000000d5580000,0x00000000d7d80000)
  from space 3072K, 84% used [0x00000000d7e80000,0x00000000d8105a00,0x00000000d8180000)
  to   space 4096K, 0% used [0x00000000d8300000,0x00000000d8300000,0x00000000d8700000)
 ParOldGen       total 1077760K, used 582399K [0x0000000080000000, 0x00000000c1c80000, 0x00000000d5580000)
  object space 1077760K, 54% used [0x0000000080000000,0x00000000a38bfdb8,0x00000000c1c80000)
 Metaspace       used 83442K, committed 85184K, reserved 1179648K
  class space    used 8429K, committed 9216K, reserved 1048576K
}
Event: 3019.782 GC heap before
{Heap before GC invocations=2420 (full 4):
 PSYoungGen      total 44032K, used 43542K [0x00000000d5580000, 0x00000000d8700000, 0x0000000100000000)
  eden space 40960K, 100% used [0x00000000d5580000,0x00000000d7d80000,0x00000000d7d80000)
  from space 3072K, 84% used [0x00000000d7e80000,0x00000000d8105a00,0x00000000d8180000)
  to   space 4096K, 0% used [0x00000000d8300000,0x00000000d8300000,0x00000000d8700000)
 ParOldGen       total 1077760K, used 582399K [0x0000000080000000, 0x00000000c1c80000, 0x00000000d5580000)
  object space 1077760K, 54% used [0x0000000080000000,0x00000000a38bfdb8,0x00000000c1c80000)
 Metaspace       used 83442K, committed 85184K, reserved 1179648K
  class space    used 8429K, committed 9216K, reserved 1048576K
}
Event: 3019.805 GC heap after
{Heap after GC invocations=2420 (full 4):
 PSYoungGen      total 42496K, used 2277K [0x00000000d5580000, 0x00000000d8580000, 0x0000000100000000)
  eden space 39936K, 0% used [0x00000000d5580000,0x00000000d5580000,0x00000000d7c80000)
  from space 2560K, 88% used [0x00000000d8300000,0x00000000d8539660,0x00000000d8580000)
  to   space 3072K, 0% used [0x00000000d7f80000,0x00000000d7f80000,0x00000000d8280000)
 ParOldGen       total 1077760K, used 584840K [0x0000000080000000, 0x00000000c1c80000, 0x00000000d5580000)
  object space 1077760K, 54% used [0x0000000080000000,0x00000000a3b22230,0x00000000c1c80000)
 Metaspace       used 83442K, committed 85184K, reserved 1179648K
  class space    used 8429K, committed 9216K, reserved 1048576K
}
Event: 3020.206 GC heap before
{Heap before GC invocations=2421 (full 4):
 PSYoungGen      total 42496K, used 42213K [0x00000000d5580000, 0x00000000d8580000, 0x0000000100000000)
  eden space 39936K, 100% used [0x00000000d5580000,0x00000000d7c80000,0x00000000d7c80000)
  from space 2560K, 88% used [0x00000000d8300000,0x00000000d8539660,0x00000000d8580000)
  to   space 3072K, 0% used [0x00000000d7f80000,0x00000000d7f80000,0x00000000d8280000)
 ParOldGen       total 1077760K, used 584840K [0x0000000080000000, 0x00000000c1c80000, 0x00000000d5580000)
  object space 1077760K, 54% used [0x0000000080000000,0x00000000a3b22230,0x00000000c1c80000)
 Metaspace       used 83442K, committed 85184K, reserved 1179648K
  class space    used 8429K, committed 9216K, reserved 1048576K
}
Event: 3021.557 GC heap after
{Heap after GC invocations=2421 (full 4):
 PSYoungGen      total 46080K, used 1559K [0x00000000d5580000, 0x00000000d8880000, 0x0000000100000000)
  eden space 43008K, 0% used [0x00000000d5580000,0x00000000d5580000,0x00000000d7f80000)
  from space 3072K, 50% used [0x00000000d7f80000,0x00000000d8105c88,0x00000000d8280000)
  to   space 2048K, 0% used [0x00000000d8680000,0x00000000d8680000,0x00000000d8880000)
 ParOldGen       total 1077760K, used 587014K [0x0000000080000000, 0x00000000c1c80000, 0x00000000d5580000)
  object space 1077760K, 54% used [0x0000000080000000,0x00000000a3d41b70,0x00000000c1c80000)
 Metaspace       used 83442K, committed 85184K, reserved 1179648K
  class space    used 8429K, committed 9216K, reserved 1048576K
}
Event: 3021.916 GC heap before
{Heap before GC invocations=2422 (full 4):
 PSYoungGen      total 46080K, used 44567K [0x00000000d5580000, 0x00000000d8880000, 0x0000000100000000)
  eden space 43008K, 100% used [0x00000000d5580000,0x00000000d7f80000,0x00000000d7f80000)
  from space 3072K, 50% used [0x00000000d7f80000,0x00000000d8105c88,0x00000000d8280000)
  to   space 2048K, 0% used [0x00000000d8680000,0x00000000d8680000,0x00000000d8880000)
 ParOldGen       total 1077760K, used 587014K [0x0000000080000000, 0x00000000c1c80000, 0x00000000d5580000)
  object space 1077760K, 54% used [0x0000000080000000,0x00000000a3d41b70,0x00000000c1c80000)
 Metaspace       used 83442K, committed 85184K, reserved 1179648K
  class space    used 8429K, committed 9216K, reserved 1048576K
}
Event: 3021.980 GC heap after
{Heap after GC invocations=2422 (full 4):
 PSYoungGen      total 49664K, used 1978K [0x00000000d5580000, 0x00000000d8d00000, 0x0000000100000000)
  eden space 47616K, 0% used [0x00000000d5580000,0x00000000d5580000,0x00000000d8400000)
  from space 2048K, 96% used [0x00000000d8680000,0x00000000d886eab8,0x00000000d8880000)
  to   space 2560K, 0% used [0x00000000d8400000,0x00000000d8400000,0x00000000d8680000)
 ParOldGen       total 1077760K, used 588505K [0x0000000080000000, 0x00000000c1c80000, 0x00000000d5580000)
  object space 1077760K, 54% used [0x0000000080000000,0x00000000a3eb6458,0x00000000c1c80000)
 Metaspace       used 83442K, committed 85184K, reserved 1179648K
  class space    used 8429K, committed 9216K, reserved 1048576K
}
Event: 3022.941 GC heap before
{Heap before GC invocations=2423 (full 4):
 PSYoungGen      total 49664K, used 49594K [0x00000000d5580000, 0x00000000d8d00000, 0x0000000100000000)
  eden space 47616K, 100% used [0x00000000d5580000,0x00000000d8400000,0x00000000d8400000)
  from space 2048K, 96% used [0x00000000d8680000,0x00000000d886eab8,0x00000000d8880000)
  to   space 2560K, 0% used [0x00000000d8400000,0x00000000d8400000,0x00000000d8680000)
 ParOldGen       total 1077760K, used 588505K [0x0000000080000000, 0x00000000c1c80000, 0x00000000d5580000)
  object space 1077760K, 54% used [0x0000000080000000,0x00000000a3eb6458,0x00000000c1c80000)
 Metaspace       used 83446K, committed 85184K, reserved 1179648K
  class space    used 8429K, committed 9216K, reserved 1048576K
}
Event: 3022.978 GC heap after
{Heap after GC invocations=2423 (full 4):
 PSYoungGen      total 48640K, used 2559K [0x00000000d5580000, 0x00000000d9180000, 0x0000000100000000)
  eden space 46080K, 0% used [0x00000000d5580000,0x00000000d5580000,0x00000000d8280000)
  from space 2560K, 99% used [0x00000000d8400000,0x00000000d867fe50,0x00000000d8680000)
  to   space 7680K, 0% used [0x00000000d8a00000,0x00000000d8a00000,0x00000000d9180000)
 ParOldGen       total 1077760K, used 592531K [0x0000000080000000, 0x00000000c1c80000, 0x00000000d5580000)
  object space 1077760K, 54% used [0x0000000080000000,0x00000000a42a4fc8,0x00000000c1c80000)
 Metaspace       used 83446K, committed 85184K, reserved 1179648K
  class space    used 8429K, committed 9216K, reserved 1048576K
}

Dll operation events (14 events):
Event: 1.790 Loaded shared library c:\Users\juand\.vscode\extensions\redhat.java-1.54.0-win32-x64\jre\21.0.10-win32-x86_64\bin\java.dll
Event: 2.517 Loaded shared library c:\Users\juand\.vscode\extensions\redhat.java-1.54.0-win32-x64\jre\21.0.10-win32-x86_64\bin\zip.dll
Event: 2.582 Loaded shared library C:\Users\juand\.vscode\extensions\redhat.java-1.54.0-win32-x64\jre\21.0.10-win32-x86_64\bin\instrument.dll
Event: 2.895 Loaded shared library C:\Users\juand\.vscode\extensions\redhat.java-1.54.0-win32-x64\jre\21.0.10-win32-x86_64\bin\net.dll
Event: 3.054 Loaded shared library C:\Users\juand\.vscode\extensions\redhat.java-1.54.0-win32-x64\jre\21.0.10-win32-x86_64\bin\nio.dll
Event: 3.060 Loaded shared library C:\Users\juand\.vscode\extensions\redhat.java-1.54.0-win32-x64\jre\21.0.10-win32-x86_64\bin\zip.dll
Event: 3.099 Loaded shared library C:\Users\juand\.vscode\extensions\redhat.java-1.54.0-win32-x64\jre\21.0.10-win32-x86_64\bin\jimage.dll
Event: 3.852 Loaded shared library c:\Users\juand\.vscode\extensions\redhat.java-1.54.0-win32-x64\jre\21.0.10-win32-x86_64\bin\verify.dll
Event: 13.089 Loaded shared library C:\Users\juand\AppData\Roaming\Code\User\globalStorage\redhat.java\1.54.0\config_win\org.eclipse.equinox.launcher\org.eclipse.equinox.launcher.win32.win32.x86_64_1.3.0.v20260203-2149\eclipse_11919.dll
Event: 23.822 Loaded shared library C:\Users\juand\.vscode\extensions\redhat.java-1.54.0-win32-x64\jre\21.0.10-win32-x86_64\bin\management.dll
Event: 23.858 Loaded shared library C:\Users\juand\.vscode\extensions\redhat.java-1.54.0-win32-x64\jre\21.0.10-win32-x86_64\bin\management_ext.dll
Event: 32.183 Loaded shared library C:\Users\juand\AppData\Local\Temp\jna-101475500\jna7215701460648301100.dll
Event: 44.939 Loaded shared library C:\Users\juand\.vscode\extensions\redhat.java-1.54.0-win32-x64\jre\21.0.10-win32-x86_64\bin\sunmscapi.dll
Event: 48.729 Loaded shared library C:\Users\juand\.vscode\extensions\redhat.java-1.54.0-win32-x64\jre\21.0.10-win32-x86_64\bin\extnet.dll

Deoptimization events (20 events):
Event: 3023.262 Thread 0x000002a17c0a0ff0 Uncommon trap: trap_request=0xffffffde fr.pc=0x000002a12a20d034 relative=0x0000000000000b54
Event: 3023.262 Thread 0x000002a17c0a0ff0 Uncommon trap: reason=class_check action=maybe_recompile pc=0x000002a12a20d034 method=org.eclipse.jdt.internal.compiler.parser.Parser.consumeRule(I)V @ 6758 c2
Event: 3023.262 Thread 0x000002a17c0a0ff0 DEOPT PACKING pc=0x000002a12a20d034 sp=0x000000bdb6efeef0
Event: 3023.262 Thread 0x000002a17c0a0ff0 DEOPT UNPACKING pc=0x000002a128a43aa2 sp=0x000000bdb6efee70 mode 2
Event: 3023.262 Thread 0x000002a17c0a0ff0 Uncommon trap: trap_request=0xffffffde fr.pc=0x000002a12a20d034 relative=0x0000000000000b54
Event: 3023.262 Thread 0x000002a17c0a0ff0 Uncommon trap: reason=class_check action=maybe_recompile pc=0x000002a12a20d034 method=org.eclipse.jdt.internal.compiler.parser.Parser.consumeRule(I)V @ 6758 c2
Event: 3023.262 Thread 0x000002a17c0a0ff0 DEOPT PACKING pc=0x000002a12a20d034 sp=0x000000bdb6efeef0
Event: 3023.262 Thread 0x000002a17c0a0ff0 DEOPT UNPACKING pc=0x000002a128a43aa2 sp=0x000000bdb6efee70 mode 2
Event: 3023.453 Thread 0x000002a17c0a0ff0 Uncommon trap: trap_request=0xffffff76 fr.pc=0x000002a12a23c140 relative=0x0000000000000520
Event: 3023.453 Thread 0x000002a17c0a0ff0 Uncommon trap: reason=predicate action=maybe_recompile pc=0x000002a12a23c140 method=org.eclipse.jdt.internal.compiler.lookup.Scope.getMatchingUninitializedType(Lorg/eclipse/jdt/internal/compiler/lookup/TypeBinding;Z)Lorg/eclipse/jdt/internal/compiler/look
Event: 3023.453 Thread 0x000002a17c0a0ff0 DEOPT PACKING pc=0x000002a12a23c140 sp=0x000000bdb6efe550
Event: 3023.453 Thread 0x000002a17c0a0ff0 DEOPT UNPACKING pc=0x000002a128a43aa2 sp=0x000000bdb6efe4c8 mode 2
Event: 3023.491 Thread 0x000002a17c0a0ff0 DEOPT PACKING pc=0x000002a123c898cb sp=0x000000bdb6efef10
Event: 3023.491 Thread 0x000002a17c0a0ff0 DEOPT UNPACKING pc=0x000002a128a44242 sp=0x000000bdb6efe478 mode 0
Event: 3023.708 Thread 0x000002a17c0a0ff0 Uncommon trap: trap_request=0xffffff45 fr.pc=0x000002a1291001ac relative=0x0000000000000d0c
Event: 3023.708 Thread 0x000002a17c0a0ff0 Uncommon trap: reason=unstable_if action=reinterpret pc=0x000002a1291001ac method=org.eclipse.jdt.internal.core.index.DiskIndex.readStreamChars(Ljava/io/InputStream;)[C @ 102 c2
Event: 3023.708 Thread 0x000002a17c0a0ff0 DEOPT PACKING pc=0x000002a1291001ac sp=0x000000bdb6efefc0
Event: 3023.709 Thread 0x000002a17c0a0ff0 DEOPT UNPACKING pc=0x000002a128a43aa2 sp=0x000000bdb6efef28 mode 2
Event: 3023.874 Thread 0x000002a17c0a0ff0 DEOPT PACKING pc=0x000002a1235fe12e sp=0x000000bdb6efd9e0
Event: 3023.874 Thread 0x000002a17c0a0ff0 DEOPT UNPACKING pc=0x000002a128a44242 sp=0x000000bdb6efce98 mode 0

Classes loaded (20 events):
Event: 2991.543 Loading class java/util/HashMap$UnsafeHolder
Event: 2991.560 Loading class java/util/HashMap$UnsafeHolder done
Event: 2991.565 Loading class java/io/ObjectStreamClass$RecordSupport
Event: 2991.585 Loading class java/io/ObjectStreamClass$RecordSupport done
Event: 2991.605 Loading class java/io/ObjectStreamClass$DeserializationConstructorsCache$Key$Lookup
Event: 2991.607 Loading class java/io/ObjectStreamClass$DeserializationConstructorsCache$Key
Event: 2991.608 Loading class java/io/ObjectStreamClass$DeserializationConstructorsCache$Key done
Event: 2991.608 Loading class java/io/ObjectStreamClass$DeserializationConstructorsCache$Key$Lookup done
Event: 2991.642 Loading class java/lang/invoke/BoundMethodHandle$Species_LIL
Event: 2991.644 Loading class java/lang/invoke/BoundMethodHandle$Species_LIL done
Event: 2991.698 Loading class java/io/ObjectStreamClass$DeserializationConstructorsCache$Key$Impl
Event: 2991.701 Loading class java/io/ObjectStreamClass$DeserializationConstructorsCache$Key$Impl done
Event: 2996.660 Loading class java/nio/BufferMismatch
Event: 2996.663 Loading class java/nio/BufferMismatch done
Event: 3004.412 Loading class jdk/internal/module/IllegalAccessLogger
Event: 3004.415 Loading class jdk/internal/module/IllegalAccessLogger done
Event: 3008.758 Loading class java/lang/UnsupportedClassVersionError
Event: 3008.759 Loading class java/lang/UnsupportedClassVersionError done
Event: 3009.392 Loading class jdk/internal/module/IllegalAccessLogger
Event: 3009.392 Loading class jdk/internal/module/IllegalAccessLogger done

Classes unloaded (18 events):
Event: 27.597 Thread 0x000002a11cd2fbd0 Unloading class 0x000002a1371b9000 'java/lang/invoke/LambdaForm$MH+0x000002a1371b9000'
Event: 27.597 Thread 0x000002a11cd2fbd0 Unloading class 0x000002a1371b8c00 'java/lang/invoke/LambdaForm$MH+0x000002a1371b8c00'
Event: 27.597 Thread 0x000002a11cd2fbd0 Unloading class 0x000002a1371b8800 'java/lang/invoke/LambdaForm$MH+0x000002a1371b8800'
Event: 27.597 Thread 0x000002a11cd2fbd0 Unloading class 0x000002a1371b8400 'java/lang/invoke/LambdaForm$MH+0x000002a1371b8400'
Event: 27.597 Thread 0x000002a11cd2fbd0 Unloading class 0x000002a1371b8000 'java/lang/invoke/LambdaForm$BMH+0x000002a1371b8000'
Event: 27.597 Thread 0x000002a11cd2fbd0 Unloading class 0x000002a1371b7c00 'java/lang/invoke/LambdaForm$DMH+0x000002a1371b7c00'
Event: 27.597 Thread 0x000002a11cd2fbd0 Unloading class 0x000002a1371b6800 'java/lang/invoke/LambdaForm$DMH+0x000002a1371b6800'
Event: 33.432 Thread 0x000002a11cd2fbd0 Unloading class 0x000002a1372ab800 'java/lang/invoke/LambdaForm$DMH+0x000002a1372ab800'
Event: 33.432 Thread 0x000002a11cd2fbd0 Unloading class 0x000002a1372a2c00 'java/lang/invoke/LambdaForm$MH+0x000002a1372a2c00'
Event: 33.432 Thread 0x000002a11cd2fbd0 Unloading class 0x000002a1372a1c00 'java/lang/invoke/LambdaForm$MH+0x000002a1372a1c00'
Event: 33.432 Thread 0x000002a11cd2fbd0 Unloading class 0x000002a1372a1800 'java/lang/invoke/LambdaForm$MH+0x000002a1372a1800'
Event: 33.432 Thread 0x000002a11cd2fbd0 Unloading class 0x000002a1372a1000 'java/lang/invoke/LambdaForm$MH+0x000002a1372a1000'
Event: 70.812 Thread 0x000002a11cd2fbd0 Unloading class 0x000002a1376a4800 'java/lang/invoke/LambdaForm$DMH+0x000002a1376a4800'
Event: 70.812 Thread 0x000002a11cd2fbd0 Unloading class 0x000002a1376a4c00 'java/lang/invoke/LambdaForm$DMH+0x000002a1376a4c00'
Event: 268.126 Thread 0x000002a11cd2fbd0 Unloading class 0x000002a1376d2000 'java/lang/invoke/LambdaForm$MH+0x000002a1376d2000'
Event: 268.128 Thread 0x000002a11cd2fbd0 Unloading class 0x000002a1376d1800 'java/lang/invoke/LambdaForm$DMH+0x000002a1376d1800'
Event: 268.128 Thread 0x000002a11cd2fbd0 Unloading class 0x000002a1376d1000 'java/lang/invoke/LambdaForm$DMH+0x000002a1376d1000'
Event: 268.128 Thread 0x000002a11cd2fbd0 Unloading class 0x000002a1376d0800 'java/lang/invoke/LambdaForm$DMH+0x000002a1376d0800'

Classes redefined (0 events):
No events

Internal exceptions (20 events):
Event: 3016.338 Thread 0x000002a17c0a0ff0 Exception <a 'sun/nio/fs/WindowsException'{0x00000000d7c6db68}> (0x00000000d7c6db68) 
thrown [s\src\hotspot\share\prims\jni.cpp, line 520]
Event: 3017.378 Thread 0x000002a17c0a0ff0 Exception <a 'sun/nio/fs/WindowsException'{0x00000000d65d2bf8}> (0x00000000d65d2bf8) 
thrown [s\src\hotspot\share\prims\jni.cpp, line 520]
Event: 3017.495 Thread 0x000002a17c0a0ff0 Exception <a 'sun/nio/fs/WindowsException'{0x00000000d690ff70}> (0x00000000d690ff70) 
thrown [s\src\hotspot\share\prims\jni.cpp, line 520]
Event: 3018.015 Thread 0x000002a17c0a0ff0 Exception <a 'sun/nio/fs/WindowsException'{0x00000000d76f1500}> (0x00000000d76f1500) 
thrown [s\src\hotspot\share\prims\jni.cpp, line 520]
Event: 3024.241 Thread 0x000002a17d053f90 Exception <a 'sun/nio/fs/WindowsException'{0x00000000d6141a20}> (0x00000000d6141a20) 
thrown [s\src\hotspot\share\prims\jni.cpp, line 520]
Event: 3024.241 Thread 0x000002a17d053f90 Exception <a 'sun/nio/fs/WindowsException'{0x00000000d6142308}> (0x00000000d6142308) 
thrown [s\src\hotspot\share\prims\jni.cpp, line 520]
Event: 3024.242 Thread 0x000002a17d053f90 Exception <a 'sun/nio/fs/WindowsException'{0x00000000d6143020}> (0x00000000d6143020) 
thrown [s\src\hotspot\share\prims\jni.cpp, line 520]
Event: 3024.242 Thread 0x000002a17d053f90 Exception <a 'sun/nio/fs/WindowsException'{0x00000000d61438e8}> (0x00000000d61438e8) 
thrown [s\src\hotspot\share\prims\jni.cpp, line 520]
Event: 3024.246 Thread 0x000002a17d053f90 Exception <a 'sun/nio/fs/WindowsException'{0x00000000d6145030}> (0x00000000d6145030) 
thrown [s\src\hotspot\share\prims\jni.cpp, line 520]
Event: 3024.246 Thread 0x000002a17d053f90 Exception <a 'sun/nio/fs/WindowsException'{0x00000000d61458f8}> (0x00000000d61458f8) 
thrown [s\src\hotspot\share\prims\jni.cpp, line 520]
Event: 3024.274 Thread 0x000002a17d053f90 Exception <a 'sun/nio/fs/WindowsException'{0x00000000d80fd328}> (0x00000000d80fd328) 
thrown [s\src\hotspot\share\prims\jni.cpp, line 520]
Event: 3024.274 Thread 0x000002a17d053f90 Exception <a 'sun/nio/fs/WindowsException'{0x00000000d80fdbf0}> (0x00000000d80fdbf0) 
thrown [s\src\hotspot\share\prims\jni.cpp, line 520]
Event: 3024.307 Thread 0x000002a17d052be0 Exception <a 'sun/nio/fs/WindowsException'{0x00000000d8095718}> (0x00000000d8095718) 
thrown [s\src\hotspot\share\prims\jni.cpp, line 520]
Event: 3024.307 Thread 0x000002a17d052be0 Exception <a 'sun/nio/fs/WindowsException'{0x00000000d8096000}> (0x00000000d8096000) 
thrown [s\src\hotspot\share\prims\jni.cpp, line 520]
Event: 3024.311 Thread 0x000002a17d052be0 Exception <a 'sun/nio/fs/WindowsException'{0x00000000d8096d18}> (0x00000000d8096d18) 
thrown [s\src\hotspot\share\prims\jni.cpp, line 520]
Event: 3024.312 Thread 0x000002a17d052be0 Exception <a 'sun/nio/fs/WindowsException'{0x00000000d80975e0}> (0x00000000d80975e0) 
thrown [s\src\hotspot\share\prims\jni.cpp, line 520]
Event: 3024.313 Thread 0x000002a17d052be0 Exception <a 'sun/nio/fs/WindowsException'{0x00000000d8098d28}> (0x00000000d8098d28) 
thrown [s\src\hotspot\share\prims\jni.cpp, line 520]
Event: 3024.314 Thread 0x000002a17d052be0 Exception <a 'sun/nio/fs/WindowsException'{0x00000000d80995f0}> (0x00000000d80995f0) 
thrown [s\src\hotspot\share\prims\jni.cpp, line 520]
Event: 3024.339 Thread 0x000002a17d052be0 Exception <a 'sun/nio/fs/WindowsException'{0x00000000d8134030}> (0x00000000d8134030) 
thrown [s\src\hotspot\share\prims\jni.cpp, line 520]
Event: 3024.340 Thread 0x000002a17d052be0 Exception <a 'sun/nio/fs/WindowsException'{0x00000000d81348f8}> (0x00000000d81348f8) 
thrown [s\src\hotspot\share\prims\jni.cpp, line 520]

ZGC Phase Switch (0 events):
No events

VM Operations (20 events):
Event: 3014.733 Executing safepoint VM operation: ParallelGCFailedAllocation (Allocation Failure) done
Event: 3015.016 Executing non-safepoint VM operation: HandshakeAllThreads (Deoptimize)
Event: 3015.024 Executing non-safepoint VM operation: HandshakeAllThreads (Deoptimize) done
Event: 3015.773 Executing safepoint VM operation: ParallelGCFailedAllocation (Allocation Failure)
Event: 3015.783 Executing safepoint VM operation: ParallelGCFailedAllocation (Allocation Failure) done
Event: 3016.368 Executing safepoint VM operation: ParallelGCFailedAllocation (Allocation Failure)
Event: 3016.412 Executing safepoint VM operation: ParallelGCFailedAllocation (Allocation Failure) done
Event: 3016.920 Executing safepoint VM operation: ParallelGCFailedAllocation (Allocation Failure)
Event: 3017.018 Executing safepoint VM operation: ParallelGCFailedAllocation (Allocation Failure) done
Event: 3018.724 Executing safepoint VM operation: ParallelGCFailedAllocation (Allocation Failure)
Event: 3018.822 Executing safepoint VM operation: ParallelGCFailedAllocation (Allocation Failure) done
Event: 3019.782 Executing safepoint VM operation: ParallelGCFailedAllocation (Allocation Failure)
Event: 3019.805 Executing safepoint VM operation: ParallelGCFailedAllocation (Allocation Failure) done
Event: 3020.206 Executing safepoint VM operation: ParallelGCFailedAllocation (Allocation Failure)
Event: 3021.557 Executing safepoint VM operation: ParallelGCFailedAllocation (Allocation Failure) done
Event: 3021.916 Executing safepoint VM operation: ParallelGCFailedAllocation (Allocation Failure)
Event: 3021.980 Executing safepoint VM operation: ParallelGCFailedAllocation (Allocation Failure) done
Event: 3022.941 Executing safepoint VM operation: ParallelGCFailedAllocation (Allocation Failure)
Event: 3022.978 Executing safepoint VM operation: ParallelGCFailedAllocation (Allocation Failure) done
Event: 3024.979 Executing safepoint VM operation: Cleanup

Memory protections (0 events):
No events

Nmethod flushes (20 events):
Event: 276.809 Thread 0x000002a11cd2fbd0 flushing  nmethod 0x000002a122969a10
Event: 276.809 Thread 0x000002a11cd2fbd0 flushing  nmethod 0x000002a12296a110
Event: 276.809 Thread 0x000002a11cd2fbd0 flushing  nmethod 0x000002a12296a590
Event: 276.809 Thread 0x000002a11cd2fbd0 flushing  nmethod 0x000002a12296a910
Event: 276.809 Thread 0x000002a11cd2fbd0 flushing  nmethod 0x000002a12296ac90
Event: 276.809 Thread 0x000002a11cd2fbd0 flushing  nmethod 0x000002a12296b190
Event: 276.809 Thread 0x000002a11cd2fbd0 flushing  nmethod 0x000002a122974710
Event: 276.809 Thread 0x000002a11cd2fbd0 flushing  nmethod 0x000002a122977d90
Event: 276.809 Thread 0x000002a11cd2fbd0 flushing  nmethod 0x000002a12297aa10
Event: 276.809 Thread 0x000002a11cd2fbd0 flushing  nmethod 0x000002a12297bb10
Event: 276.809 Thread 0x000002a11cd2fbd0 flushing  nmethod 0x000002a122987590
Event: 276.809 Thread 0x000002a11cd2fbd0 flushing  nmethod 0x000002a122989610
Event: 276.809 Thread 0x000002a11cd2fbd0 flushing  nmethod 0x000002a12298a390
Event: 276.810 Thread 0x000002a11cd2fbd0 flushing  nmethod 0x000002a12298be90
Event: 276.810 Thread 0x000002a11cd2fbd0 flushing  nmethod 0x000002a12299a890
Event: 276.810 Thread 0x000002a11cd2fbd0 flushing  nmethod 0x000002a1229a1610
Event: 276.810 Thread 0x000002a11cd2fbd0 flushing  nmethod 0x000002a1229aba10
Event: 276.810 Thread 0x000002a11cd2fbd0 flushing  nmethod 0x000002a1229cb810
Event: 276.810 Thread 0x000002a11cd2fbd0 flushing  nmethod 0x000002a1229cc110
Event: 276.811 Thread 0x000002a11cd2fbd0 flushing  nmethod 0x000002a1229f4090

Events (20 events):
Event: 3006.075 Thread 0x000002a1771cc8d0 Thread added: 0x000002a17d052be0
Event: 3006.075 Thread 0x000002a1771cc8d0 Thread added: 0x000002a17d056d80
Event: 3006.508 Thread 0x000002a17d052550 Thread exited: 0x000002a17d052550
Event: 3006.509 Thread 0x000002a17d056d80 Thread exited: 0x000002a17d056d80
Event: 3006.509 Thread 0x000002a17d056060 Thread exited: 0x000002a17d056060
Event: 3006.509 Thread 0x000002a17d052be0 Thread exited: 0x000002a17d052be0
Event: 3006.509 Thread 0x000002a17d053f90 Thread exited: 0x000002a17d053f90
Event: 3007.375 Thread 0x000002a1771cc8d0 Thread added: 0x000002a17d052550
Event: 3007.375 Thread 0x000002a1771cc8d0 Thread added: 0x000002a17d053f90
Event: 3007.375 Thread 0x000002a1771cc8d0 Thread added: 0x000002a17d056060
Event: 3007.376 Thread 0x000002a1771cc8d0 Thread added: 0x000002a17d052be0
Event: 3007.376 Thread 0x000002a1771cc8d0 Thread added: 0x000002a17d056d80
Event: 3007.425 Thread 0x000002a17d052be0 Thread exited: 0x000002a17d052be0
Event: 3007.425 Thread 0x000002a17d053f90 Thread exited: 0x000002a17d053f90
Event: 3007.425 Thread 0x000002a17d052550 Thread exited: 0x000002a17d052550
Event: 3007.426 Thread 0x000002a17d056060 Thread exited: 0x000002a17d056060
Event: 3007.426 Thread 0x000002a17d056d80 Thread exited: 0x000002a17d056d80
Event: 3023.297 Thread 0x000002a17c0a0ff0 Thread added: 0x000002a17d053f90
Event: 3024.236 Thread 0x000002a17d0559d0 Thread added: 0x000002a17d052be0
Event: 3024.242 Thread 0x000002a17d052be0 Thread added: 0x000002a17d056d80


Dynamic libraries:
0x00007ff70dea0000 - 0x00007ff70deae000 	c:\Users\juand\.vscode\extensions\redhat.java-1.54.0-win32-x64\jre\21.0.10-win32-x86_64\bin\java.exe
0x00007ffcd8220000 - 0x00007ffcd8487000 	C:\WINDOWS\SYSTEM32\ntdll.dll
0x00007ffcd7320000 - 0x00007ffcd73e9000 	C:\WINDOWS\System32\KERNEL32.DLL
0x00007ffcd50b0000 - 0x00007ffcd54a1000 	C:\WINDOWS\System32\KERNELBASE.dll
0x00007ffcd4b90000 - 0x00007ffcd4cdb000 	C:\WINDOWS\System32\ucrtbase.dll
0x00007ffcb4df0000 - 0x00007ffcb4e0e000 	c:\Users\juand\.vscode\extensions\redhat.java-1.54.0-win32-x64\jre\21.0.10-win32-x86_64\bin\VCRUNTIME140.dll
0x00007ffcab080000 - 0x00007ffcab098000 	c:\Users\juand\.vscode\extensions\redhat.java-1.54.0-win32-x64\jre\21.0.10-win32-x86_64\bin\jli.dll
0x00007ffcd7f00000 - 0x00007ffcd80c5000 	C:\WINDOWS\System32\USER32.dll
0x00007ffcd4f00000 - 0x00007ffcd4f27000 	C:\WINDOWS\System32\win32u.dll
0x00007ffcd81b0000 - 0x00007ffcd81db000 	C:\WINDOWS\System32\GDI32.dll
0x00007ffcd5570000 - 0x00007ffcd569b000 	C:\WINDOWS\System32\gdi32full.dll
0x00007ffcd4ce0000 - 0x00007ffcd4d83000 	C:\WINDOWS\System32\msvcp_win.dll
0x00007ffcbc7c0000 - 0x00007ffcbca53000 	C:\WINDOWS\WinSxS\amd64_microsoft.windows.common-controls_6595b64144ccf1df_6.0.26100.8037_none_3e092faae333b53b\COMCTL32.dll
0x00007ffcd7610000 - 0x00007ffcd76b9000 	C:\WINDOWS\System32\msvcrt.dll
0x00007ffcd8170000 - 0x00007ffcd81a1000 	C:\WINDOWS\System32\IMM32.DLL
0x00007ffcb2640000 - 0x00007ffcb264c000 	c:\Users\juand\.vscode\extensions\redhat.java-1.54.0-win32-x64\jre\21.0.10-win32-x86_64\bin\vcruntime140_1.dll
0x00007ffc9df30000 - 0x00007ffc9dfbd000 	c:\Users\juand\.vscode\extensions\redhat.java-1.54.0-win32-x64\jre\21.0.10-win32-x86_64\bin\msvcp140.dll
0x00007ffc5f1b0000 - 0x00007ffc5ff51000 	c:\Users\juand\.vscode\extensions\redhat.java-1.54.0-win32-x64\jre\21.0.10-win32-x86_64\bin\server\jvm.dll
0x00007ffcd7550000 - 0x00007ffcd760b000 	C:\WINDOWS\System32\ADVAPI32.dll
0x00007ffcd68c0000 - 0x00007ffcd6967000 	C:\WINDOWS\System32\sechost.dll
0x00007ffcd65c0000 - 0x00007ffcd66d8000 	C:\WINDOWS\System32\RPCRT4.dll
0x00007ffcd80e0000 - 0x00007ffcd8154000 	C:\WINDOWS\System32\WS2_32.dll
0x00007ffcd4980000 - 0x00007ffcd49de000 	C:\WINDOWS\SYSTEM32\POWRPROF.dll
0x00007ffcc4410000 - 0x00007ffcc4445000 	C:\WINDOWS\SYSTEM32\WINMM.dll
0x00007ffcc94b0000 - 0x00007ffcc94bb000 	C:\WINDOWS\SYSTEM32\VERSION.dll
0x00007ffcd4940000 - 0x00007ffcd4954000 	C:\WINDOWS\SYSTEM32\UMPDC.dll
0x00007ffcd3870000 - 0x00007ffcd388b000 	C:\WINDOWS\SYSTEM32\kernel.appcore.dll
0x00007ffcb25f0000 - 0x00007ffcb25fa000 	c:\Users\juand\.vscode\extensions\redhat.java-1.54.0-win32-x64\jre\21.0.10-win32-x86_64\bin\jimage.dll
0x00007ffcb8fb0000 - 0x00007ffcb91f2000 	C:\WINDOWS\SYSTEM32\DBGHELP.DLL
0x00007ffcd6230000 - 0x00007ffcd65b2000 	C:\WINDOWS\System32\combase.dll
0x00007ffcd6750000 - 0x00007ffcd6827000 	C:\WINDOWS\System32\OLEAUT32.dll
0x00007ffcc1ed0000 - 0x00007ffcc1f0b000 	C:\WINDOWS\SYSTEM32\dbgcore.DLL
0x00007ffcd5f10000 - 0x00007ffcd5fb5000 	C:\WINDOWS\System32\bcryptPrimitives.dll
0x00007ffcb23c0000 - 0x00007ffcb23cf000 	c:\Users\juand\.vscode\extensions\redhat.java-1.54.0-win32-x64\jre\21.0.10-win32-x86_64\bin\instrument.dll
0x00007ffc9d9c0000 - 0x00007ffc9d9e0000 	c:\Users\juand\.vscode\extensions\redhat.java-1.54.0-win32-x64\jre\21.0.10-win32-x86_64\bin\java.dll
0x00007ffcd7790000 - 0x00007ffcd7eef000 	C:\WINDOWS\System32\SHELL32.dll
0x00007ffcd4d90000 - 0x00007ffcd4efa000 	C:\WINDOWS\System32\wintypes.dll
0x00007ffcd56a0000 - 0x00007ffcd5f04000 	C:\WINDOWS\System32\windows.storage.dll
0x00007ffcd6ae0000 - 0x00007ffcd6bd7000 	C:\WINDOWS\System32\SHCORE.dll
0x00007ffcd66e0000 - 0x00007ffcd6747000 	C:\WINDOWS\System32\shlwapi.dll
0x00007ffcd4a20000 - 0x00007ffcd4a49000 	C:\WINDOWS\SYSTEM32\profapi.dll
0x00007ffcd0200000 - 0x00007ffcd0218000 	c:\Users\juand\.vscode\extensions\redhat.java-1.54.0-win32-x64\jre\21.0.10-win32-x86_64\bin\zip.dll
0x00007ffcb23b0000 - 0x00007ffcb23c0000 	C:\Users\juand\.vscode\extensions\redhat.java-1.54.0-win32-x64\jre\21.0.10-win32-x86_64\bin\net.dll
0x00007ffcc7460000 - 0x00007ffcc7587000 	C:\WINDOWS\SYSTEM32\WINHTTP.dll
0x00007ffcd3e00000 - 0x00007ffcd3e6b000 	C:\WINDOWS\system32\mswsock.dll
0x00007ffcb0f30000 - 0x00007ffcb0f46000 	C:\Users\juand\.vscode\extensions\redhat.java-1.54.0-win32-x64\jre\21.0.10-win32-x86_64\bin\nio.dll
0x00007ffcb20e0000 - 0x00007ffcb20f0000 	c:\Users\juand\.vscode\extensions\redhat.java-1.54.0-win32-x64\jre\21.0.10-win32-x86_64\bin\verify.dll
0x00007ffc9dee0000 - 0x00007ffc9df25000 	C:\Users\juand\AppData\Roaming\Code\User\globalStorage\redhat.java\1.54.0\config_win\org.eclipse.equinox.launcher\org.eclipse.equinox.launcher.win32.win32.x86_64_1.3.0.v20260203-2149\eclipse_11919.dll
0x00007ffcd6060000 - 0x00007ffcd61f5000 	C:\WINDOWS\System32\ole32.dll
0x00007ffcb0f20000 - 0x00007ffcb0f2a000 	C:\Users\juand\.vscode\extensions\redhat.java-1.54.0-win32-x64\jre\21.0.10-win32-x86_64\bin\management.dll
0x00007ffcabf40000 - 0x00007ffcabf4c000 	C:\Users\juand\.vscode\extensions\redhat.java-1.54.0-win32-x64\jre\21.0.10-win32-x86_64\bin\management_ext.dll
0x00007ffcd80d0000 - 0x00007ffcd80d8000 	C:\WINDOWS\System32\PSAPI.DLL
0x00007ffcd40e0000 - 0x00007ffcd40fb000 	C:\WINDOWS\SYSTEM32\CRYPTSP.dll
0x00007ffcd37d0000 - 0x00007ffcd3809000 	C:\WINDOWS\system32\rsaenh.dll
0x00007ffcd3eb0000 - 0x00007ffcd3ee2000 	C:\WINDOWS\SYSTEM32\USERENV.dll
0x00007ffcd49f0000 - 0x00007ffcd4a1a000 	C:\WINDOWS\SYSTEM32\bcrypt.dll
0x00007ffcd4100000 - 0x00007ffcd410c000 	C:\WINDOWS\SYSTEM32\CRYPTBASE.dll
0x00007ffcd3230000 - 0x00007ffcd3263000 	C:\WINDOWS\SYSTEM32\IPHLPAPI.DLL
0x00007ffcd8160000 - 0x00007ffcd816a000 	C:\WINDOWS\System32\NSI.dll
0x00007ffc9b3e0000 - 0x00007ffc9b429000 	C:\Users\juand\AppData\Local\Temp\jna-101475500\jna7215701460648301100.dll
0x00007ffcc7440000 - 0x00007ffcc745d000 	C:\WINDOWS\SYSTEM32\dhcpcsvc6.DLL
0x00007ffcc7410000 - 0x00007ffcc7433000 	C:\WINDOWS\SYSTEM32\dhcpcsvc.DLL
0x00007ffcab750000 - 0x00007ffcab75e000 	C:\Users\juand\.vscode\extensions\redhat.java-1.54.0-win32-x64\jre\21.0.10-win32-x86_64\bin\sunmscapi.dll
0x00007ffcd4f30000 - 0x00007ffcd50a7000 	C:\WINDOWS\System32\CRYPT32.dll
0x00007ffcd4300000 - 0x00007ffcd4330000 	C:\WINDOWS\SYSTEM32\ncrypt.dll
0x00007ffcd42b0000 - 0x00007ffcd42ef000 	C:\WINDOWS\SYSTEM32\NTASN1.dll
0x00007ffcd3340000 - 0x00007ffcd346a000 	C:\WINDOWS\SYSTEM32\DNSAPI.dll
0x00007ffcc65c0000 - 0x00007ffcc65cb000 	C:\Windows\System32\rasadhlp.dll
0x00007ffcc69a0000 - 0x00007ffcc6a26000 	C:\WINDOWS\System32\fwpuclnt.dll
0x00007ffcaaf80000 - 0x00007ffcaaf89000 	C:\Users\juand\.vscode\extensions\redhat.java-1.54.0-win32-x64\jre\21.0.10-win32-x86_64\bin\extnet.dll

JVMTI agents:
c:\Users\juand\.vscode\extensions\redhat.java-1.54.0-win32-x64\lombok\lombok-1.18.39-4050.jar path:c:\Users\juand\.vscode\extensions\redhat.java-1.54.0-win32-x64\jre\21.0.10-win32-x86_64\bin\instrument.dll, loaded, initialized, instrumentlib options:none

dbghelp: loaded successfully - version: 4.0.5 - missing functions: none
symbol engine: initialized successfully - sym options: 0x614 - pdb path: .;c:\Users\juand\.vscode\extensions\redhat.java-1.54.0-win32-x64\jre\21.0.10-win32-x86_64\bin;C:\WINDOWS\SYSTEM32;C:\WINDOWS\WinSxS\amd64_microsoft.windows.common-controls_6595b64144ccf1df_6.0.26100.8037_none_3e092faae333b53b;c:\Users\juand\.vscode\extensions\redhat.java-1.54.0-win32-x64\jre\21.0.10-win32-x86_64\bin\server;C:\Users\juand\AppData\Roaming\Code\User\globalStorage\redhat.java\1.54.0\config_win\org.eclipse.equinox.launcher\org.eclipse.equinox.launcher.win32.win32.x86_64_1.3.0.v20260203-2149;C:\Users\juand\AppData\Local\Temp\jna-101475500

VM Arguments:
jvm_args: --add-modules=ALL-SYSTEM --add-opens=java.base/java.util=ALL-UNNAMED --add-opens=java.base/java.lang=ALL-UNNAMED --add-opens=java.base/sun.nio.fs=ALL-UNNAMED -Declipse.application=org.eclipse.jdt.ls.core.id1 -Dosgi.bundles.defaultStartLevel=4 -Declipse.product=org.eclipse.jdt.ls.core.product -Djava.import.generatesMetadataFilesAtProjectRoot=false -DDetectVMInstallationsJob.disabled=true -Dfile.encoding=utf8 -XX:+UseParallelGC -XX:GCTimeRatio=4 -XX:AdaptiveSizePolicyWeight=90 -Dsun.zip.disableMemoryMapping=true -Xmx2G -Xms100m -Xlog:disable -javaagent:c:\Users\juand\.vscode\extensions\redhat.java-1.54.0-win32-x64\lombok\lombok-1.18.39-4050.jar -XX:+HeapDumpOnOutOfMemoryError -XX:HeapDumpPath=c:\Users\juand\AppData\Roaming\Code\User\workspaceStorage\5c07a624bbe36f1c37f128b9eb918466\redhat.java -Daether.dependencyCollector.impl=bf 
java_command: c:\Users\juand\.vscode\extensions\redhat.java-1.54.0-win32-x64\server\plugins\org.eclipse.equinox.launcher_1.7.100.v20251111-0406.jar -configuration c:\Users\juand\AppData\Roaming\Code\User\globalStorage\redhat.java\1.54.0\config_win -data c:\Users\juand\AppData\Roaming\Code\User\workspaceStorage\5c07a624bbe36f1c37f128b9eb918466\redhat.java\jdt_ws --pipe=\\.\pipe\lsp-d76c02980a50cfc956124008039c3874-sock
java_class_path (initial): c:\Users\juand\.vscode\extensions\redhat.java-1.54.0-win32-x64\server\plugins\org.eclipse.equinox.launcher_1.7.100.v20251111-0406.jar
Launcher Type: SUN_STANDARD

[Global flags]
    uintx AdaptiveSizePolicyWeight                 = 90                                        {product} {command line}
     intx CICompilerCount                          = 3                                         {product} {ergonomic}
    uintx GCTimeRatio                              = 4                                         {product} {command line}
     bool HeapDumpOnOutOfMemoryError               = true                                   {manageable} {command line}
    ccstr HeapDumpPath                             = c:\Users\juand\AppData\Roaming\Code\User\workspaceStorage\5c07a624bbe36f1c37f128b9eb918466\redhat.java         {manageable} {command line}
   size_t InitialHeapSize                          = 104857600                                 {product} {command line}
   size_t MaxHeapSize                              = 2147483648                                {product} {command line}
   size_t MaxNewSize                               = 715653120                                 {product} {ergonomic}
   size_t MinHeapDeltaBytes                        = 524288                                    {product} {ergonomic}
   size_t MinHeapSize                              = 104857600                                 {product} {command line}
   size_t NewSize                                  = 34603008                                  {product} {ergonomic}
    uintx NonNMethodCodeHeapSize                   = 5832780                                {pd product} {ergonomic}
    uintx NonProfiledCodeHeapSize                  = 122912730                              {pd product} {ergonomic}
   size_t OldSize                                  = 70254592                                  {product} {ergonomic}
    uintx ProfiledCodeHeapSize                     = 122912730                              {pd product} {ergonomic}
    uintx ReservedCodeCacheSize                    = 251658240                              {pd product} {ergonomic}
     bool SegmentedCodeCache                       = true                                      {product} {ergonomic}
   size_t SoftMaxHeapSize                          = 2147483648                             {manageable} {ergonomic}
     bool UseCompressedOops                        = true                           {product lp64_product} {ergonomic}
     bool UseLargePagesIndividualAllocation        = false                                  {pd product} {ergonomic}
     bool UseParallelGC                            = true                                      {product} {command line}

Logging:
Log output configuration:
 #0: stdout all=off uptime,level,tags foldmultilines=false
 #1: stderr all=off uptime,level,tags foldmultilines=false

Release file:
JAVA_VERSION="21.0.10" 
MODULES="java.base java.compiler java.datatransfer java.xml java.prefs java.desktop java.instrument java.logging java.management java.security.sasl java.naming java.rmi java.management.rmi java.net.http java.scripting java.security.jgss java.transaction.xa java.sql java.sql.rowset java.xml.crypto java.se java.smartcardio jdk.accessibility jdk.internal.jvmstat jdk.attach jdk.charsets jdk.internal.opt jdk.zipfs jdk.compiler jdk.crypto.ec jdk.crypto.cryptoki jdk.crypto.mscapi jdk.dynalink jdk.internal.ed jdk.editpad jdk.hotspot.agent jdk.httpserver jdk.internal.le jdk.internal.vm.ci jdk.internal.vm.compiler jdk.internal.vm.compiler.management jdk.jartool jdk.javadoc jdk.jcmd jdk.management jdk.management.agent jdk.jconsole jdk.jdeps jdk.jdwp.agent jdk.jdi jdk.jfr jdk.jshell jdk.jsobject jdk.jstatd jdk.localedata jdk.management.jfr jdk.naming.dns jdk.naming.rmi jdk.net jdk.nio.mapmode jdk.random jdk.sctp jdk.security.auth jdk.security.jgss jdk.unsupported jdk.unsupported.desktop jdk.xml.dom" 

Environment Variables:
PATH=C:\Program Files\Java\jdk-21\bin;C:\Program Files\Common Files\Oracle\Java\javapath;C:\Program Files (x86)\Common Files\Oracle\Java\javapath;C:\WINDOWS\system32;C:\WINDOWS;C:\WINDOWS\System32\Wbem;C:\WINDOWS\System32\WindowsPowerShell\v1.0\;C:\WINDOWS\System32\OpenSSH\;C:\Program Files\nodejs\;C:\Program Files\Git\cmd;C:\xampp\php;C:\ProgramData\ComposerSetup\bin;C:\Program Files\Apache\maven\apache-maven-3.9.11\bin;C:\Program Files\Microsoft SQL Server\150\Tools\Binn\;C:\Program Files\Microsoft SQL Server\Client SDK\ODBC\170\Tools\Binn\;C:\Program Files\dotnet\;C:\Program Files\Docker\Docker\resources\bin;C:\Users\juand\AppData\Local\Microsoft\WindowsApps;C:\Users\juand\AppData\Local\Programs\Microsoft VS Code\bin;C:\Users\juand\AppData\Roaming\npm;C:\Users\juand\AppData\Roaming\Composer\vendor\bin;C:\Program Files\MySQL\MySQL Server 8.0\bin;C:\Users\juand\.dotnet\tools
USERNAME=juand
OS=Windows_NT
PROCESSOR_IDENTIFIER=Intel64 Family 6 Model 142 Stepping 10, GenuineIntel
TMP=C:\Users\juand\AppData\Local\Temp
TEMP=C:\Users\juand\AppData\Local\Temp




Periodic native trim disabled

---------------  S Y S T E M  ---------------

OS:
 Windows 11 , 64 bit Build 26100 (10.0.26100.7920)
OS uptime: 1 days 1:35 hours
Hyper-V role detected

CPU: total 4 (initial active 4) (2 cores per cpu, 2 threads per core) family 6 model 142 stepping 10 microcode 0xe0, cx8, cmov, fxsr, ht, mmx, 3dnowpref, sse, sse2, sse3, ssse3, sse4.1, sse4.2, popcnt, lzcnt, tsc, tscinvbit, avx, avx2, aes, erms, clmul, bmi1, bmi2, adx, fma, vzeroupper, clflush, clflushopt, hv, rdtscp, f16c
Processor Information for the first 4 processors :
  Max Mhz: 2208, Current Mhz: 2208, Mhz Limit: 2208

Memory: 4k page, system-wide physical 3979M (124M free)
TotalPageFile size 16267M (AvailPageFile size 26M)
current process WorkingSet (physical memory assigned to process): 329M, peak: 503M
current process commit charge ("private bytes"): 1462M, peak: 1472M

vm_info: OpenJDK 64-Bit Server VM (21.0.10+7-LTS) for windows-amd64 JRE (21.0.10+7-LTS), built on 2026-01-20T00:00:00Z by "admin" with MS VC++ 17.12 (VS2022)

END.
